app/build/intermediates/manifest_merge_blame_file/debug/processDebugMainManifest/manifest-merger-blame-debug-report.txt
1<?xml version="1.0" encoding="utf-8"?>
2<manifest xmlns:android="http://schemas.android.com/apk/res/android"
3    package="com.seuprojeto.translator"
4    android:versionCode="1"
5    android:versionName="1.0" >
6
7    <uses-sdk
8        android:minSdkVersion="26"
9        android:targetSdkVersion="34" />
10
11    <uses-permission android:name="android.permission.RECORD_AUDIO" />
11-->src/main/AndroidManifest.xml:3:5-70
11-->src/main/AndroidManifest.xml:3:22-68
12    <uses-permission android:name="android.permission.MODIFY_AUDIO_SETTINGS" />
12-->src/main/AndroidManifest.xml:4:5-79
12-->src/main/AndroidManifest.xml:4:22-77
13
14    <permission
14-->[androidx.core:core:1.9.0] AndroidManifest.xml:22:5-24:47
15        android:name="com.seuprojeto.translator.DYNAMIC_RECEIVER_NOT_EXPORTED_PERMISSION"
15-->[androidx.core:core:1.9.0] AndroidManifest.xml:23:9-81
16        android:protectionLevel="signature" />
16-->[androidx.core:core:1.9.0] AndroidManifest.xml:24:9-44
17
18    <uses-permission android:name="com.seuprojeto.translator.DYNAMIC_RECEIVER_NOT_EXPORTED_PERMISSION" />
18-->[androidx.core:core:1.9.0] AndroidManifest.xml:26:5-97
18-->[androidx.core:core:1.9.0] AndroidManifest.xml:26:22-94
19
20    <application
20-->src/main/AndroidManifest.xml:5:5-15:19
21        android:appComponentFactory="androidx.core.app.CoreComponentFactory"
21-->[androidx.core:core:1.9.0] AndroidManifest.xml:28:18-86
22        android:debuggable="true"
23        android:extractNativeLibs="false"
24        android:label="Tradutor"
24-->src/main/AndroidManifest.xml:6:9-33
25        android:theme="@style/Theme.AppCompat" >
25-->src/main/AndroidManifest.xml:7:9-47
26        <activity
26-->src/main/AndroidManifest.xml:8:9-14:20
27            android:name="com.seuprojeto.translator.MainActivity"
27-->src/main/AndroidManifest.xml:8:19-47
28            android:exported="true" >
28-->src/main/AndroidManifest.xml:9:13-36
29            <intent-filter>
29-->src/main/AndroidManifest.xml:10:13-13:29
30                <action android:name="android.intent.action.MAIN" />
30-->src/main/AndroidManifest.xml:11:17-68
30-->src/main/AndroidManifest.xml:11:25-66
31
32                <category android:name="android.intent.category.LAUNCHER" />
32-->src/main/AndroidManifest.xml:12:17-76
32-->src/main/AndroidManifest.xml:12:27-74
33            </intent-filter>
34        </activity>
35
36        <provider
36-->[androidx.emoji2:emoji2:1.2.0] AndroidManifest.xml:24:9-32:20
37            android:name="androidx.startup.InitializationProvider"
37-->[androidx.emoji2:emoji2:1.2.0] AndroidManifest.xml:25:13-67
38            android:authorities="com.seuprojeto.translator.androidx-startup"
38-->[androidx.emoji2:emoji2:1.2.0] AndroidManifest.xml:26:13-68
39            android:exported="false" >
39-->[androidx.emoji2:emoji2:1.2.0] AndroidManifest.xml:27:13-37
40            <meta-data
40-->[androidx.emoji2:emoji2:1.2.0] AndroidManifest.xml:29:13-31:52
41                android:name="androidx.emoji2.text.EmojiCompatInitializer"
41-->[androidx.emoji2:emoji2:1.2.0] AndroidManifest.xml:30:17-75
42                android:value="androidx.startup" />
42-->[androidx.emoji2:emoji2:1.2.0] AndroidManifest.xml:31:17-49
43            <meta-data
43-->[androidx.lifecycle:lifecycle-process:2.4.1] AndroidManifest.xml:31:13-33:52
44                android:name="androidx.lifecycle.ProcessLifecycleInitializer"
44-->[androidx.lifecycle:lifecycle-process:2.4.1] AndroidManifest.xml:32:17-78
45                android:value="androidx.startup" />
45-->[androidx.lifecycle:lifecycle-process:2.4.1] AndroidManifest.xml:33:17-49
46        </provider>
47    </application>
48
49</manifest>